<?xml version="1.0" encoding="UTF-8" standalone="yes"?>
<coverage timestamp="1683234229" branch-rate="0.7366412213740458" complexity="336.0" line-rate="0.9617486338797814" lines-covered="1" lines-valid="1" branches-covered="1" branches-valid="1">
    <packages>
		<package name="org.jasig.portal.events.handlers.db" line-rate="0.6772151898734177" branch-rate="0.55" complexity="1.7837837837837838">
			<classes>
				<class name="org.jasig.portal.events.handlers.db.IPortalEventDao" filename="org/jasig/portal/events/handlers/db/IPortalEventDao.java" line-rate="1.0" branch-rate="1.0" complexity="1.0">
					<lines>
					</lines>
				</class>
				<class name="org.jasig.portal.events.handlers.db.JpaPortalEventStore" filename="org/jasig/portal/events/handlers/db/JpaPortalEventStore.java" line-rate="0.6952380952380952" branch-rate="0.6875" complexity="2.588235294117647">
					<lines>
						<line number="59" hits="1" branch="false"/>
						<line number="65" hits="1" branch="false"/>
						<line number="74" hits="1" branch="false"/>
						<line number="75" hits="1" branch="false"/>
						<line number="82" hits="1" branch="false"/>
						<line number="83" hits="1" branch="false"/>
						<line number="87" hits="1" branch="false"/>
						<line number="88" hits="1" branch="false"/>
						<line number="90" hits="1" branch="false"/>
						<line number="97" hits="1" branch="false"/>
						<line number="106" hits="1" branch="false"/>
						<line number="110" hits="1" branch="false"/>
						<line number="125" hits="1" branch="false"/>
						<line number="138" hits="1" branch="false"/>
						<line number="144" hits="24" branch="false"/>
						<line number="145" hits="24" branch="false"/>
						<line number="146" hits="24" branch="false"/>
						<line number="151" hits="0" branch="true" condition-coverage="0% (0/2)">
							<conditions>
								<condition number="0" type="jump" coverage="0%"/>
							</conditions>
						</line>
						<line number="153" hits="0" branch="false"/>
						<line number="155" hits="0" branch="false"/>
						<line number="156" hits="0" branch="false"/>
						<line number="157" hits="0" branch="false"/>
						<line number="159" hits="0" branch="false"/>
						<line number="164" hits="1" branch="true" condition-coverage="100% (2/2)">
							<conditions>
								<condition number="0" type="jump" coverage="100%"/>
							</conditions>
						</line>
						<line number="166" hits="12" branch="false"/>
						<line number="168" hits="0" branch="false"/>
						<line number="169" hits="0" branch="false"/>
						<line number="170" hits="12" branch="false"/>
						<line number="171" hits="12" branch="false"/>
						<line number="172" hits="1" branch="false"/>
						<line number="176" hits="2" branch="false"/>
						<line number="177" hits="2" branch="false"/>
						<line number="178" hits="2" branch="false"/>
						<line number="183" hits="2" branch="false"/>
						<line number="184" hits="2" branch="false"/>
						<line number="185" hits="2" branch="false"/>
						<line number="191" hits="8" branch="false"/>
						<line number="192" hits="8" branch="false"/>
						<line number="193" hits="8" branch="false"/>
						<line number="194" hits="8" branch="false"/>
						<line number="195" hits="8" branch="false"/>
						<line number="196" hits="8" branch="true" condition-coverage="50% (1/2)">
							<conditions>
								<condition number="0" type="jump" coverage="50%"/>
							</conditions>
						</line>
						<line number="197" hits="8" branch="false"/>
						<line number="200" hits="8" branch="false"/>
						<line number="201" hits="8" branch="true" condition-coverage="100% (2/2)">
							<conditions>
								<condition number="0" type="jump" coverage="100%"/>
							</conditions>
						</line>
						<line number="202" hits="24" branch="false"/>
						<line number="205" hits="24" branch="false"/>
						<line number="207" hits="0" branch="false"/>
						<line number="208" hits="0" branch="false"/>
						<line number="211" hits="0" branch="false"/>
						<line number="212" hits="0" branch="false"/>
						<line number="214" hits="0" branch="false"/>
						<line number="215" hits="24" branch="false"/>
						<line number="219" hits="24" branch="false"/>
						<line number="220" hits="24" branch="true" condition-coverage="50% (1/2)">
							<conditions>
								<condition number="0" type="jump" coverage="50%"/>
							</conditions>
						</line>
						<line number="221" hits="0" branch="false"/>
						<line number="222" hits="0" branch="false"/>
						<line number="226" hits="24" branch="false"/>
						<line number="227" hits="24" branch="false"/>
						<line number="230" hits="24" branch="true" condition-coverage="100% (2/2)">
							<conditions>
								<condition number="0" type="jump" coverage="100%"/>
							</conditions>
						</line>
						<line number="231" hits="4" branch="false"/>
						<line number="232" hits="4" branch="false"/>
						<line number="233" hits="4" branch="false"/>
						<line number="236" hits="0" branch="false"/>
						<line number="237" hits="0" branch="false"/>
						<line number="239" hits="0" branch="false"/>
						<line number="240" hits="0" branch="false"/>
						<line number="241" hits="24" branch="false"/>
						<line number="242" hits="24" branch="false"/>
						<line number="244" hits="8" branch="false"/>
						<line number="249" hits="4" branch="false"/>
						<line number="250" hits="4" branch="false"/>
						<line number="254" hits="4" branch="false"/>
						<line number="255" hits="4" branch="false"/>
						<line number="256" hits="4" branch="false"/>
						<line number="257" hits="4" branch="false"/>
						<line number="258" hits="4" branch="true" condition-coverage="50% (1/2)">
							<conditions>
								<condition number="0" type="jump" coverage="50%"/>
							</conditions>
						</line>
						<line number="259" hits="0" branch="false"/>
						<line number="262" hits="4" branch="true" condition-coverage="100% (2/2)">
							<conditions>
								<condition number="0" type="jump" coverage="100%"/>
							</conditions>
						</line>
						<line number="263" hits="24" branch="false"/>
						<line number="264" hits="24" branch="false"/>
						<line number="265" hits="24" branch="false"/>
						<line number="266" hits="24" branch="false"/>
						<line number="267" hits="24" branch="false"/>
						<line number="268" hits="24" branch="false"/>
						<line number="269" hits="4" branch="false"/>
						<line number="274" hits="2" branch="false"/>
						<line number="275" hits="2" branch="false"/>
						<line number="276" hits="2" branch="false"/>
						<line number="280" hits="24" branch="false"/>
						<line number="281" hits="24" branch="false"/>
						<line number="286" hits="48" branch="false"/>
						<line number="288" hits="0" branch="false"/>
						<line number="289" hits="0" branch="false"/>
						<line number="291" hits="0" branch="false"/>
						<line number="292" hits="0" branch="false"/>
						<line number="294" hits="0" branch="false"/>
						<line number="295" hits="0" branch="false"/>
						<line number="301" hits="24" branch="false"/>
						<line number="303" hits="0" branch="false"/>
						<line number="304" hits="0" branch="false"/>
						<line number="306" hits="0" branch="false"/>
						<line number="307" hits="0" branch="false"/>
						<line number="309" hits="0" branch="false"/>
						<line number="310" hits="0" branch="false"/>
					</lines>
				</class>
				<class name="org.jasig.portal.events.handlers.db.JpaPortalEventStore$1" filename="org/jasig/portal/events/handlers/db/JpaPortalEventStore.java" line-rate="1.0" branch-rate="1.0" complexity="2.588235294117647">
					<lines>
						<line number="110" hits="2" branch="false"/>
						<line number="113" hits="1" branch="false"/>
						<line number="114" hits="1" branch="false"/>
						<line number="117" hits="1" branch="false"/>
						<line number="120" hits="1" branch="false"/>
					</lines>
				</class>
				<class name="org.jasig.portal.events.handlers.db.JpaPortalEventStore$2" filename="org/jasig/portal/events/handlers/db/JpaPortalEventStore.java" line-rate="1.0" branch-rate="1.0" complexity="2.588235294117647">
					<lines>
						<line number="125" hits="2" branch="false"/>
						<line number="128" hits="1" branch="false"/>
						<line number="129" hits="1" branch="false"/>
						<line number="132" hits="1" branch="false"/>
						<line number="135" hits="1" branch="false"/>
					</lines>
				</class>
				<class name="org.jasig.portal.events.handlers.db.PersistentPortalEvent" filename="org/jasig/portal/events/handlers/db/PersistentPortalEvent.java" line-rate="0.6486486486486487" branch-rate="0.0" complexity="1.2222222222222223">
					<lines>
						<line number="97" hits="73" branch="false"/>
						<line number="101" hits="73" branch="false"/>
						<line number="109" hits="49" branch="false"/>
						<line number="110" hits="49" branch="false"/>
						<line number="111" hits="49" branch="false"/>
						<line number="112" hits="49" branch="false"/>
						<line number="113" hits="49" branch="false"/>
						<line number="114" hits="49" branch="false"/>
						<line number="115" hits="49" branch="false"/>
						<line number="116" hits="49" branch="false"/>
						<line number="117" hits="49" branch="false"/>
						<line number="120" hits="24" branch="false"/>
						<line number="121" hits="24" branch="false"/>
						<line number="122" hits="24" branch="false"/>
						<line number="123" hits="24" branch="false"/>
						<line number="124" hits="24" branch="false"/>
						<line number="125" hits="24" branch="false"/>
						<line number="126" hits="24" branch="false"/>
						<line number="127" hits="24" branch="false"/>
						<line number="128" hits="24" branch="false"/>
						<line number="131" hits="48" branch="false"/>
						<line number="138" hits="48" branch="false"/>
						<line number="142" hits="0" branch="false"/>
						<line number="143" hits="0" branch="true" condition-coverage="0% (0/2)">
							<conditions>
								<condition number="0" type="jump" coverage="0%"/>
							</conditions>
						</line>
						<line number="144" hits="0" branch="false"/>
						<line number="145" hits="0" branch="false"/>
						<line number="147" hits="0" branch="false"/>
						<line number="151" hits="48" branch="false"/>
						<line number="152" hits="48" branch="false"/>
						<line number="155" hits="0" branch="false"/>
						<line number="156" hits="0" branch="true" condition-coverage="0% (0/2)">
							<conditions>
								<condition number="0" type="jump" coverage="0%"/>
							</conditions>
						</line>
						<line number="157" hits="0" branch="false"/>
						<line number="158" hits="0" branch="false"/>
						<line number="160" hits="0" branch="false"/>
						<line number="164" hits="0" branch="false"/>
						<line number="165" hits="0" branch="false"/>
						<line number="172" hits="0" branch="false"/>
					</lines>
				</class>
				<class name="org.jasig.portal.events.handlers.db.PersistentPortalEvent_" filename="org/jasig/portal/events/handlers/db/PersistentPortalEvent_.java" line-rate="0.0" branch-rate="1.0" complexity="0.0">
					<lines>
						<line number="10" hits="0" branch="false"/>
					</lines>
				</class>
				<class name="org.jasig.portal.events.handlers.db.PortalEventDaoQueuingEventHandler" filename="org/jasig/portal/events/handlers/db/PortalEventDaoQueuingEventHandler.java" line-rate="0.0" branch-rate="1.0" complexity="1.0">
					<lines>
						<line number="32" hits="0" branch="false"/>
						<line number="40" hits="0" branch="false"/>
						<line number="41" hits="0" branch="false"/>
						<line number="45" hits="0" branch="false"/>
						<line number="46" hits="0" branch="false"/>
					</lines>
				</class>
			</classes>
		</package>
	</packages>
    <sources>
        <source>app/src/main/java/com/demoapp/util</source>
        <source>app/src/main/java/com/demoapp/retrofitConfig</source>
        <source>app/src/main/java/com/demoapp/dialogs</source>
        <source>app/src/main/java/com/demoapp/retrofitConfig/response</source>
        <source>app/src/main/java/com/demoapp/activities</source>
        <source>app/src/main/java/com/demoapp/adapters</source>
        <source>app/src/main/java/com/demoapp/retrofitConfig/request</source>
    </sources>
</coverage>